<?xml version="1.0" encoding="UTF-8"?>
<testsuite name="tutorial4.MainTest" tests="1" skipped="0" failures="0" errors="0" timestamp="2023-03-13T09:55:31" hostname="Mouizs-MBP.ht.home" time="0.026">
  <properties/>
  <testcase name="test()" classname="tutorial4.MainTest" time="0.026"/>
  <system-out><![CDATA[]]></system-out>
  <system-err><![CDATA[]]></system-err>
</testsuite>
